#
# There is insufficient memory for the Java Runtime Environment to continue.
# Native memory allocation (malloc) failed to allocate 1048576 bytes for AllocateHeap
# Possible reasons:
#   The system is out of physical RAM or swap space
#   The process is running with CompressedOops enabled, and the Java Heap may be blocking the growth of the native heap
# Possible solutions:
#   Reduce memory load on the system
#   Increase physical memory or swap space
#   Check if swap backing store is full
#   Decrease Java heap size (-Xmx/-Xms)
#   Decrease number of Java threads
#   Decrease Java thread stack sizes (-Xss)
#   Set larger code cache with -XX:ReservedCodeCacheSize=
#   JVM is running with Unscaled Compressed Oops mode in which the Java heap is
#     placed in the first 4GB address space. The Java Heap base address is the
#     maximum limit for the native heap growth. Please use -XX:HeapBaseMinAddress
#     to set the Java Heap base and to place the Java Heap above 4GB virtual address.
# This output file may be truncated or incomplete.
#
#  Out of Memory Error (allocation.cpp:44), pid=17672, tid=17232
#
# JRE version:  (20.0.2+9) (build )
# Java VM: Java HotSpot(TM) 64-Bit Server VM (20.0.2+9-78, mixed mode, sharing, tiered, compressed oops, compressed class ptrs, g1 gc, windows-amd64)
# No core dump will be written. Minidumps are not enabled by default on client versions of Windows
#

---------------  S U M M A R Y ------------

Command Line: -Dfile.encoding=UTF-8 -Dstdout.encoding=UTF-8 -Dstderr.encoding=UTF-8 -XX:+ShowCodeDetailsInExceptionMessages form.TinhLuongNhanVien_Form

Host: Intel(R) Core(TM) i5-8300H CPU @ 2.30GHz, 8 cores, 7G,  Windows 10 , 64 bit Build 19041 (10.0.19041.3570)
Time: Wed Nov  1 23:20:37 2023 SE Asia Standard Time elapsed time: 0.010127 seconds (0d 0h 0m 0s)

---------------  T H R E A D  ---------------

Current thread (0x000001fcbf56ba00):  JavaThread "Unknown thread" [_thread_in_vm, id=17232, stack(0x0000005cc2300000,0x0000005cc2400000)]

Stack: [0x0000005cc2300000,0x0000005cc2400000]
Native frames: (J=compiled Java code, j=interpreted, Vv=VM code, C=native code)
V  [jvm.dll+0x6bc25a]
V  [jvm.dll+0x84971a]
V  [jvm.dll+0x84b315]
V  [jvm.dll+0x84ba13]
V  [jvm.dll+0x280e4f]
V  [jvm.dll+0xbce65]
V  [jvm.dll+0x3294c5]
V  [jvm.dll+0x8123aa]
V  [jvm.dll+0x3c1261]
V  [jvm.dll+0x7fe103]
V  [jvm.dll+0x44ccaf]
V  [jvm.dll+0x44e621]
C  [jli.dll+0x5287]
C  [ucrtbase.dll+0x21bb2]
C  [KERNEL32.DLL+0x17344]
C  [ntdll.dll+0x526b1]


---------------  P R O C E S S  ---------------

Threads class SMR info:
_java_thread_list=0x00007ffd8181b118, length=0, elements={
}

Java Threads: ( => current thread )

Other Threads:

=>0x000001fcbf56ba00 (exited) JavaThread "Unknown thread" [_thread_in_vm, id=17232, stack(0x0000005cc2300000,0x0000005cc2400000)]

Threads with active compile tasks:

VM state: not at safepoint (not fully initialized)

VM Mutex/Monitor currently owned by a thread: None

Heap address: 0x0000000000000000, size: 0 MB, Compressed Oops mode: 32-bit

CDS archive(s) mapped at: [0x0000000000000000-0x0000000000000000-0x0000000000000000), size 0, SharedBaseAddress: 0x0000000800000000, ArchiveRelocationMode: 1.
Narrow klass base: 0x0000000000000000, Narrow klass shift: 0, Narrow klass range: 0x0

GC Precious Log:
 CardTable entry size: 512
 Card Set container configuration: InlinePtr #cards 5 size 8 Array Of Cards #cards 12 size 40 Howl #buckets 4 coarsen threshold 1843 Howl Bitmap #cards 512 size 80 coarsen threshold 460 Card regions per heap region 1 cards per card region 2048

GC Heap History (0 events):
No events

Dll operation events (1 events):
Event: 0.008 Loaded shared library C:\Program Files\Java\jdk-20\bin\java.dll

Deoptimization events (0 events):
No events

Classes loaded (0 events):
No events

Classes unloaded (0 events):
No events

Classes redefined (0 events):
No events

Internal exceptions (0 events):
No events

VM Operations (0 events):
No events

Events (0 events):
No events


Dynamic libraries:
0x00007ff6bbd70000 - 0x00007ff6bbd80000 	C:\Program Files\Java\jdk-20\bin\javaw.exe
0x00007ffdc7f50000 - 0x00007ffdc8147000 	C:\Windows\SYSTEM32\ntdll.dll
0x00007ffdc6380000 - 0x00007ffdc643d000 	C:\Windows\System32\KERNEL32.DLL
0x00007ffdc5840000 - 0x00007ffdc5b36000 	C:\Windows\System32\KERNELBASE.dll
0x00007ffdc5630000 - 0x00007ffdc5730000 	C:\Windows\System32\ucrtbase.dll
0x00007ffdb93c0000 - 0x00007ffdb93db000 	C:\Program Files\Java\jdk-20\bin\VCRUNTIME140.dll
0x00007ffdb9d90000 - 0x00007ffdb9da9000 	C:\Program Files\Java\jdk-20\bin\jli.dll
0x00007ffdc7b30000 - 0x00007ffdc7bde000 	C:\Windows\System32\ADVAPI32.dll
0x00007ffdc7e20000 - 0x00007ffdc7ebe000 	C:\Windows\System32\msvcrt.dll
0x00007ffdc6580000 - 0x00007ffdc661c000 	C:\Windows\System32\sechost.dll
0x00007ffdc6440000 - 0x00007ffdc6566000 	C:\Windows\System32\RPCRT4.dll
0x00007ffdc73e0000 - 0x00007ffdc757e000 	C:\Windows\System32\USER32.dll
0x00007ffdac570000 - 0x00007ffdac80a000 	C:\Windows\WinSxS\amd64_microsoft.windows.common-controls_6595b64144ccf1df_6.0.19041.3570_none_60bb2a3971f3e41a\COMCTL32.dll
0x00007ffdc57e0000 - 0x00007ffdc5802000 	C:\Windows\System32\win32u.dll
0x00007ffdc6140000 - 0x00007ffdc616c000 	C:\Windows\System32\GDI32.dll
0x00007ffdc5e90000 - 0x00007ffdc5faa000 	C:\Windows\System32\gdi32full.dll
0x00007ffdc5b40000 - 0x00007ffdc5bdd000 	C:\Windows\System32\msvcp_win.dll
0x00007ffdbed20000 - 0x00007ffdbed2a000 	C:\Windows\SYSTEM32\VERSION.dll
0x00007ffdc7ee0000 - 0x00007ffdc7f10000 	C:\Windows\System32\IMM32.DLL
0x00007ffdbd540000 - 0x00007ffdbd54c000 	C:\Program Files\Java\jdk-20\bin\vcruntime140_1.dll
0x00007ffda6760000 - 0x00007ffda67ee000 	C:\Program Files\Java\jdk-20\bin\msvcp140.dll
0x00007ffd80cc0000 - 0x00007ffd81958000 	C:\Program Files\Java\jdk-20\bin\server\jvm.dll
0x00007ffdb9120000 - 0x00007ffdb9147000 	C:\Windows\SYSTEM32\WINMM.dll
0x00007ffdbd3e0000 - 0x00007ffdbd3e9000 	C:\Windows\SYSTEM32\WSOCK32.dll
0x00007ffdc79f0000 - 0x00007ffdc7a5b000 	C:\Windows\System32\WS2_32.dll
0x00007ffdc3490000 - 0x00007ffdc34a2000 	C:\Windows\SYSTEM32\kernel.appcore.dll
0x00007ffdbd250000 - 0x00007ffdbd25a000 	C:\Program Files\Java\jdk-20\bin\jimage.dll
0x00007ffdba2a0000 - 0x00007ffdba484000 	C:\Windows\SYSTEM32\DBGHELP.DLL
0x00007ffdb24a0000 - 0x00007ffdb24d4000 	C:\Windows\SYSTEM32\dbgcore.DLL
0x00007ffdc5ca0000 - 0x00007ffdc5d22000 	C:\Windows\System32\bcryptPrimitives.dll
0x00007ffdb9280000 - 0x00007ffdb92a6000 	C:\Program Files\Java\jdk-20\bin\java.dll

dbghelp: loaded successfully - version: 4.0.5 - missing functions: none
symbol engine: initialized successfully - sym options: 0x614 - pdb path: .;C:\Program Files\Java\jdk-20\bin;C:\Windows\SYSTEM32;C:\Windows\WinSxS\amd64_microsoft.windows.common-controls_6595b64144ccf1df_6.0.19041.3570_none_60bb2a3971f3e41a;C:\Program Files\Java\jdk-20\bin\server

VM Arguments:
jvm_args: -Dfile.encoding=UTF-8 -Dstdout.encoding=UTF-8 -Dstderr.encoding=UTF-8 -XX:+ShowCodeDetailsInExceptionMessages 
java_command: form.TinhLuongNhanVien_Form
java_class_path (initial): O:\hoc\code\phat-trien-ung-dung\bin;O:\hoc\code\phat-trien-ung-dung\lib\sqljdbc42.jar;O:\hoc\code\phat-trien-ung-dung\lib\miglayout-4.0.jar;O:\hoc\code\phat-trien-ung-dung\lib\TimingFramework-0.55.jar
Launcher Type: SUN_STANDARD

[Global flags]
     intx CICompilerCount                          = 4                                         {product} {ergonomic}
     uint ConcGCThreads                            = 2                                         {product} {ergonomic}
     uint G1ConcRefinementThreads                  = 8                                         {product} {ergonomic}
   size_t G1HeapRegionSize                         = 1048576                                   {product} {ergonomic}
    uintx GCDrainStackTargetSize                   = 64                                        {product} {ergonomic}
   size_t InitialHeapSize                          = 132120576                                 {product} {ergonomic}
   size_t MarkStackSize                            = 4194304                                   {product} {ergonomic}
   size_t MaxHeapSize                              = 2107637760                                {product} {ergonomic}
   size_t MinHeapDeltaBytes                        = 1048576                                   {product} {ergonomic}
   size_t MinHeapSize                              = 8388608                                   {product} {ergonomic}
    uintx NonNMethodCodeHeapSize                   = 5839372                                {pd product} {ergonomic}
    uintx NonProfiledCodeHeapSize                  = 122909434                              {pd product} {ergonomic}
    uintx ProfiledCodeHeapSize                     = 122909434                              {pd product} {ergonomic}
    uintx ReservedCodeCacheSize                    = 251658240                              {pd product} {ergonomic}
     bool SegmentedCodeCache                       = true                                      {product} {ergonomic}
     bool ShowCodeDetailsInExceptionMessages       = true                                   {manageable} {command line}
   size_t SoftMaxHeapSize                          = 2107637760                             {manageable} {ergonomic}
     bool UseCompressedClassPointers               = true                           {product lp64_product} {ergonomic}
     bool UseCompressedOops                        = true                           {product lp64_product} {ergonomic}
     bool UseG1GC                                  = true                                      {product} {ergonomic}
     bool UseLargePagesIndividualAllocation        = false                                  {pd product} {ergonomic}

Logging:
Log output configuration:
 #0: stdout all=warning uptime,level,tags foldmultilines=false
 #1: stderr all=off uptime,level,tags foldmultilines=false

Environment Variables:
PATH=C:\Program Files\Common Files\Oracle\Java\javapath;C:\Program Files\Microsoft MPI\Bin\;C:\Windows\system32;C:\Windows;C:\Windows\System32\Wbem;C:\Windows\System32\WindowsPowerShell\v1.0\;C:\Windows\System32\OpenSSH\;C:\Program Files (x86)\NVIDIA Corporation\PhysX\Common;C:\xampp\php;C:\Program Files (x86)\Microsoft SQL Server\160\Tools\Binn\;C:\Program Files\Microsoft SQL Server\160\Tools\Binn\;C:\Program Files\Microsoft SQL Server\Client SDK\ODBC\170\Tools\Binn\;C:\Program Files\Microsoft SQL Server\160\DTS\Binn\;C:\Program Files\Azure Data Studio\bin;C:\Program Files (x86)\Microsoft SQL Server\160\DTS\Binn\;C:\xampp\mysql\bin;C:\Program Files\Git\cmd;%NVM_HOME%;%NVM_SYMLINK%;C:\Program Files\Docker\Docker\resources\bin;C:\Users\ADMIN\AppData\Local\Microsoft\WindowsApps;C:\Users\ADMIN\AppData\Local\Programs\Microsoft VS Code\bin;C:\Program Files\Azure Data Studio\bin;C:\xampp\mysql\bin;C:\Users\ADMIN\AppData\Roaming\nvm;C:\Program Files\nodejs
USERNAME=ADMIN
OS=Windows_NT
PROCESSOR_IDENTIFIER=Intel64 Family 6 Model 158 Stepping 10, GenuineIntel
TMP=C:\Users\ADMIN\AppData\Local\Temp
TEMP=C:\Users\ADMIN\AppData\Local\Temp




---------------  S Y S T E M  ---------------

OS:
 Windows 10 , 64 bit Build 19041 (10.0.19041.3570)
OS uptime: 4 days 4:12 hours
Hyper-V role detected

CPU: total 8 (initial active 8) (4 cores per cpu, 2 threads per core) family 6 model 158 stepping 10 microcode 0xb4, cx8, cmov, fxsr, ht, mmx, 3dnowpref, sse, sse2, sse3, ssse3, sse4.1, sse4.2, popcnt, lzcnt, tsc, tscinvbit, avx, avx2, aes, erms, clmul, bmi1, bmi2, adx, fma, vzeroupper, clflush, clflushopt, hv, rdtscp, f16c

Memory: 4k page, system-wide physical 8032M (432M free)
TotalPageFile size 24416M (AvailPageFile size 5M)
current process WorkingSet (physical memory assigned to process): 9M, peak: 9M
current process commit charge ("private bytes"): 18M, peak: 19M

vm_info: Java HotSpot(TM) 64-Bit Server VM (20.0.2+9-78) for windows-amd64 JRE (20.0.2+9-78), built on 2023-06-14T10:08:48Z by "mach5one" with MS VC++ 17.1 (VS2022)

END.
